[debug] [2026-01-16T05:59:53.793Z] ----------------------------------------------------------------------
[debug] [2026-01-16T05:59:53.795Z] Command:       C:\node.exe C:\Users\Billy\AppData\Roaming\npm\node_modules\firebase-tools\lib\bin\firebase.js init firestore
[debug] [2026-01-16T05:59:53.795Z] CLI Version:   15.3.1
[debug] [2026-01-16T05:59:53.795Z] Platform:      win32
[debug] [2026-01-16T05:59:53.795Z] Node Version:  v20.17.0
[debug] [2026-01-16T05:59:53.795Z] Time:          Fri Jan 16 2026 13:59:53 GMT+0800 (Singapore Standard Time)
[debug] [2026-01-16T05:59:53.795Z] ----------------------------------------------------------------------
[debug] 
[info] 
     ######## #### ########  ######## ########     ###     ######  ########
     ##        ##  ##     ## ##       ##     ##  ##   ##  ##       ##
     ######    ##  ########  ######   ########  #########  ######  ######
     ##        ##  ##    ##  ##       ##     ## ##     ##       ## ##
     ##       #### ##     ## ######## ########  ##     ##  ######  ########

You're about to initialize a Firebase project in this directory:

  C:\Users\Billy\Intelliconn

[info] 
=== Project Setup
[info] 
[info] First, let's associate this project directory with a Firebase project.
[info] You can create multiple project aliases by running firebase use --add, 
[info] 
[debug] [2026-01-16T06:00:10.443Z] > command requires scopes: ["email","openid","https://www.googleapis.com/auth/cloudplatformprojects.readonly","https://www.googleapis.com/auth/firebase","https://www.googleapis.com/auth/cloud-platform"]
[debug] [2026-01-16T06:00:10.443Z] > authorizing via signed-in user (harionbilly4@gmail.com)
[debug] [2026-01-16T06:00:10.444Z] Checked if tokens are valid: true, expires at: 1768546628431
[debug] [2026-01-16T06:00:10.445Z] Checked if tokens are valid: true, expires at: 1768546628431
[debug] [2026-01-16T06:00:10.459Z] >>> [apiv2][query] GET https://firebase.googleapis.com/v1beta1/projects pageSize=100
[debug] [2026-01-16T06:00:11.149Z] <<< [apiv2][status] GET https://firebase.googleapis.com/v1beta1/projects 200
[debug] [2026-01-16T06:00:11.149Z] <<< [apiv2][body] GET https://firebase.googleapis.com/v1beta1/projects [omitted]
